2025-08-20 10:04:39.893509: Loaded investors data with 2 records
2025-08-20 10:04:39.896510: Loaded tranches data with 4 records
2025-08-20 10:04:39.898510: Loaded transactions data with 4 records
2025-08-20 10:04:42.974724: Loaded investors data with 2 records
2025-08-20 10:04:42.976721: Loaded tranches data with 4 records
2025-08-20 10:04:42.977723: Loaded transactions data with 4 records
2025-08-20 10:04:45.044416: Loaded investors data with 2 records
2025-08-20 10:04:45.045415: Loaded tranches data with 4 records
2025-08-20 10:04:45.046920: Loaded transactions data with 4 records
2025-08-20 10:04:51.347927: Loaded investors data with 2 records
2025-08-20 10:04:51.348925: Loaded tranches data with 4 records
2025-08-20 10:04:51.366537: Loaded transactions data with 4 records
2025-08-20 10:04:53.542901: Loaded investors data with 2 records
2025-08-20 10:04:53.544905: Loaded tranches data with 4 records
2025-08-20 10:04:53.546321: Loaded transactions data with 4 records
2025-08-20 10:04:54.686759: Loaded investors data with 2 records
2025-08-20 10:04:54.689418: Loaded tranches data with 4 records
2025-08-20 10:04:54.690924: Loaded transactions data with 4 records
2025-08-20 10:04:56.094823: Loaded investors data with 2 records
2025-08-20 10:04:56.097250: Loaded tranches data with 4 records
2025-08-20 10:04:56.098251: Loaded transactions data with 4 records
2025-08-20 10:05:38.573837: Loaded investors data with 2 records
2025-08-20 10:05:38.575839: Loaded tranches data with 4 records
2025-08-20 10:05:38.576839: Loaded transactions data with 4 records
2025-08-20 10:05:39.249815: Loaded investors data with 2 records
2025-08-20 10:05:39.251820: Loaded tranches data with 4 records
2025-08-20 10:05:39.252820: Loaded transactions data with 4 records
2025-08-20 10:05:43.129613: Loaded investors data with 2 records
2025-08-20 10:05:43.131617: Loaded tranches data with 4 records
2025-08-20 10:05:43.133617: Loaded transactions data with 4 records
2025-08-20 10:06:06.777214: Loaded investors data with 2 records
2025-08-20 10:06:06.779727: Loaded tranches data with 4 records
2025-08-20 10:06:06.780732: Loaded transactions data with 4 records
2025-08-20 10:06:08.836982: Loaded investors data with 2 records
2025-08-20 10:06:08.839491: Loaded tranches data with 4 records
2025-08-20 10:06:08.840495: Loaded transactions data with 4 records
2025-08-20 10:07:35.233764: Loaded investors data with 2 records
2025-08-20 10:07:35.235766: Loaded tranches data with 4 records
2025-08-20 10:07:35.237765: Loaded transactions data with 4 records
2025-08-20 10:07:39.263073: Loaded investors data with 2 records
2025-08-20 10:07:39.265077: Loaded tranches data with 4 records
2025-08-20 10:07:39.266078: Loaded transactions data with 4 records
2025-08-20 10:07:42.090981: Loaded investors data with 2 records
2025-08-20 10:07:42.092493: Loaded tranches data with 4 records
2025-08-20 10:07:42.094494: Loaded transactions data with 4 records
2025-08-20 10:07:42.927037: Loaded investors data with 2 records
2025-08-20 10:07:42.928555: Loaded tranches data with 4 records
2025-08-20 10:07:42.929564: Loaded transactions data with 4 records
2025-08-20 10:07:43.691195: Loaded investors data with 2 records
2025-08-20 10:07:43.692201: Loaded tranches data with 4 records
2025-08-20 10:07:43.694270: Loaded transactions data with 4 records
2025-08-20 10:07:45.166643: Loaded investors data with 2 records
2025-08-20 10:07:45.168642: Loaded tranches data with 4 records
2025-08-20 10:07:45.169990: Loaded transactions data with 4 records
2025-08-20 10:07:46.082934: Loaded investors data with 2 records
2025-08-20 10:07:46.083934: Loaded tranches data with 4 records
2025-08-20 10:07:46.085934: Loaded transactions data with 4 records
2025-08-20 10:07:48.409924: Loaded investors data with 2 records
2025-08-20 10:07:48.411928: Loaded tranches data with 4 records
2025-08-20 10:07:48.412929: Loaded transactions data with 4 records
2025-08-20 10:07:49.562908: Loaded investors data with 2 records
2025-08-20 10:07:49.563908: Loaded tranches data with 4 records
2025-08-20 10:07:49.565909: Loaded transactions data with 4 records
2025-08-20 10:26:34.183225: Loaded investors data with 2 records
2025-08-20 10:26:34.186729: Loaded tranches data with 4 records
2025-08-20 10:26:34.188734: Loaded transactions data with 4 records
2025-08-20 10:26:40.138130: Loaded investors data with 2 records
2025-08-20 10:26:40.140130: Loaded tranches data with 4 records
2025-08-20 10:26:40.141131: Loaded transactions data with 4 records
2025-08-20 10:27:11.639552: Loaded investors data with 2 records
2025-08-20 10:27:11.641555: Loaded tranches data with 4 records
2025-08-20 10:27:11.643630: Loaded transactions data with 4 records
2025-08-20 10:27:15.655943: Loaded investors data with 2 records
2025-08-20 10:27:15.657471: Loaded tranches data with 4 records
2025-08-20 10:27:15.659485: Loaded transactions data with 4 records
2025-08-20 10:27:15.668641: Backed up data at 20250820_102715
2025-08-20 10:27:15.670764: Saved data successfully
2025-08-20 10:27:30.705707: Loaded investors data with 2 records
2025-08-20 10:27:30.711777: Loaded tranches data with 4 records
2025-08-20 10:27:30.712777: Loaded transactions data with 4 records
2025-08-20 10:27:33.134540: Loaded investors data with 2 records
2025-08-20 10:27:33.136590: Loaded tranches data with 4 records
2025-08-20 10:27:33.138590: Loaded transactions data with 4 records
2025-08-20 10:27:34.825647: Loaded investors data with 2 records
2025-08-20 10:27:34.827652: Loaded tranches data with 4 records
2025-08-20 10:27:34.829654: Loaded transactions data with 4 records
2025-08-20 10:27:35.662114: Loaded investors data with 2 records
2025-08-20 10:27:35.663113: Loaded tranches data with 4 records
2025-08-20 10:27:35.664113: Loaded transactions data with 4 records
2025-08-20 10:27:37.454224: Loaded investors data with 2 records
2025-08-20 10:27:37.455728: Loaded tranches data with 4 records
2025-08-20 10:27:37.457733: Loaded transactions data with 4 records
2025-08-20 10:27:38.937945: Loaded investors data with 2 records
2025-08-20 10:27:38.938946: Loaded tranches data with 4 records
2025-08-20 10:27:38.940945: Loaded transactions data with 4 records
2025-08-20 10:35:28.078140: Loaded investors data with 2 records
2025-08-20 10:35:28.078140: Loaded tranches data with 4 records
2025-08-20 10:35:28.078140: Loaded transactions data with 4 records
2025-08-20 10:35:28.510364: Loaded investors data with 2 records
2025-08-20 10:35:28.512413: Loaded tranches data with 4 records
2025-08-20 10:35:28.514412: Loaded transactions data with 4 records
2025-08-20 10:37:05.648443: Loaded investors data with 2 records
2025-08-20 10:37:05.650947: Loaded tranches data with 4 records
2025-08-20 10:37:05.652762: Loaded transactions data with 4 records
2025-08-20 10:37:06.098277: Loaded investors data with 2 records
2025-08-20 10:37:06.100787: Loaded tranches data with 4 records
2025-08-20 10:37:06.101788: Loaded transactions data with 4 records
2025-08-20 10:37:43.191900: Loaded investors data with 2 records
2025-08-20 10:37:43.191900: Loaded tranches data with 4 records
2025-08-20 10:37:43.191900: Loaded transactions data with 4 records
2025-08-20 10:37:43.585463: Loaded investors data with 2 records
2025-08-20 10:37:43.585463: Loaded tranches data with 4 records
2025-08-20 10:37:43.585463: Loaded transactions data with 4 records
2025-08-20 10:39:29.775795: Loaded investors data with 2 records
2025-08-20 10:39:29.776795: Loaded tranches data with 4 records
2025-08-20 10:39:29.778796: Loaded transactions data with 4 records
2025-08-20 10:39:30.068418: Loaded investors data with 2 records
2025-08-20 10:39:30.068418: Loaded tranches data with 4 records
2025-08-20 10:39:30.070424: Loaded transactions data with 4 records
2025-08-20 10:40:37.287658: Loaded investors data with 2 records
2025-08-20 10:40:37.288777: Loaded tranches data with 4 records
2025-08-20 10:40:37.290777: Loaded transactions data with 4 records
2025-08-20 10:40:39.152672: Loaded investors data with 2 records
2025-08-20 10:40:39.154592: Loaded tranches data with 4 records
2025-08-20 10:40:39.156595: Loaded transactions data with 4 records
2025-08-20 10:44:01.617772: Loaded investors data with 2 records
2025-08-20 10:44:01.617772: Loaded tranches data with 4 records
2025-08-20 10:44:01.617772: Loaded transactions data with 4 records
2025-08-20 10:44:01.998480: Loaded investors data with 2 records
2025-08-20 10:44:02.000297: Loaded tranches data with 4 records
2025-08-20 10:44:02.002531: Loaded transactions data with 4 records
2025-08-20 10:45:34.671863: Loaded investors data with 2 records
2025-08-20 10:45:34.673863: Loaded tranches data with 4 records
2025-08-20 10:45:34.675863: Loaded transactions data with 4 records
2025-08-20 10:45:36.350415: Loaded investors data with 2 records
2025-08-20 10:45:36.351491: Loaded tranches data with 4 records
2025-08-20 10:45:36.353492: Loaded transactions data with 4 records
2025-08-20 10:45:39.023642: Loaded investors data with 2 records
2025-08-20 10:45:39.025641: Loaded tranches data with 4 records
2025-08-20 10:45:39.026642: Loaded transactions data with 4 records
2025-08-20 10:45:43.987085: Loaded investors data with 2 records
2025-08-20 10:45:43.989082: Loaded tranches data with 4 records
2025-08-20 10:45:43.991086: Loaded transactions data with 4 records
2025-08-20 10:45:47.634782: Loaded investors data with 2 records
2025-08-20 10:45:47.634782: Loaded tranches data with 4 records
2025-08-20 10:45:47.634782: Loaded transactions data with 4 records
2025-08-20 10:45:49.062327: Loaded investors data with 2 records
2025-08-20 10:45:49.064333: Loaded tranches data with 4 records
2025-08-20 10:45:49.066334: Loaded transactions data with 4 records
2025-08-20 10:45:50.741561: Loaded investors data with 2 records
2025-08-20 10:45:50.743561: Loaded tranches data with 4 records
2025-08-20 10:45:50.745561: Loaded transactions data with 4 records
2025-08-20 10:45:51.342158: Loaded investors data with 2 records
2025-08-20 10:45:51.344163: Loaded tranches data with 4 records
2025-08-20 10:45:51.346162: Loaded transactions data with 4 records
2025-08-20 10:45:51.962044: Loaded investors data with 2 records
2025-08-20 10:45:51.962044: Loaded tranches data with 4 records
2025-08-20 10:45:51.964833: Loaded transactions data with 4 records
